Build started 01.05.2024. 23:16:23.
     1>Project "d:\miako\documents\visual studio 2010\Projects\seminarski_nrt1822\seminarski_nrt1822\seminarski_nrt1822.vcxproj" on node 2 (build target(s)).
     1>InitializeBuildStatus:
         Creating "Debug\seminarski_nrt1822.unsuccessfulbuild" because "AlwaysCreate" was specified.
       ClCompile:
         C:\Program Files (x86)\Microsoft Visual Studio 10.0\VC\bin\CL.exe /c /ZI /nologo /W3 /WX- /Od /Oy- /D WIN32 /D _DEBUG /D _CONSOLE /D _UNICODE /D UNICODE /Gm /EHsc /RTC1 /MDd /GS /fp:precise /Zc:wchar_t /Zc:forScope /Fo"Debug\\" /Fd"Debug\vc100.pdb" /Gd /TC /analyze- /errorReport:prompt kviz.c
         kviz.c
     1>d:\miako\documents\visual studio 2010\projects\seminarski_nrt1822\seminarski_nrt1822\kviz.c(73): warning C4996: 'gets': This function or variable may be unsafe. Consider using gets_s instead. To disable deprecation, use _CRT_SECURE_NO_WARNINGS. See online help for details.
                 c:\program files (x86)\microsoft visual studio 10.0\vc\include\stdio.h(277) : see declaration of 'gets'
     1>d:\miako\documents\visual studio 2010\projects\seminarski_nrt1822\seminarski_nrt1822\kviz.c(82): warning C4996: 'scanf': This function or variable may be unsafe. Consider using scanf_s instead. To disable deprecation, use _CRT_SECURE_NO_WARNINGS. See online help for details.
                 c:\program files (x86)\microsoft visual studio 10.0\vc\include\stdio.h(304) : see declaration of 'scanf'
     1>d:\miako\documents\visual studio 2010\projects\seminarski_nrt1822\seminarski_nrt1822\kviz.c(83): warning C4996: 'scanf': This function or variable may be unsafe. Consider using scanf_s instead. To disable deprecation, use _CRT_SECURE_NO_WARNINGS. See online help for details.
                 c:\program files (x86)\microsoft visual studio 10.0\vc\include\stdio.h(304) : see declaration of 'scanf'
     1>d:\miako\documents\visual studio 2010\projects\seminarski_nrt1822\seminarski_nrt1822\kviz.c(84): warning C4996: 'scanf': This function or variable may be unsafe. Consider using scanf_s instead. To disable deprecation, use _CRT_SECURE_NO_WARNINGS. See online help for details.
                 c:\program files (x86)\microsoft visual studio 10.0\vc\include\stdio.h(304) : see declaration of 'scanf'
     1>d:\miako\documents\visual studio 2010\projects\seminarski_nrt1822\seminarski_nrt1822\kviz.c(101): warning C4996: 'gets': This function or variable may be unsafe. Consider using gets_s instead. To disable deprecation, use _CRT_SECURE_NO_WARNINGS. See online help for details.
                 c:\program files (x86)\microsoft visual studio 10.0\vc\include\stdio.h(277) : see declaration of 'gets'
     1>d:\miako\documents\visual studio 2010\projects\seminarski_nrt1822\seminarski_nrt1822\kviz.c(120): warning C4996: 'fopen': This function or variable may be unsafe. Consider using fopen_s instead. To disable deprecation, use _CRT_SECURE_NO_WARNINGS. See online help for details.
                 c:\program files (x86)\microsoft visual studio 10.0\vc\include\stdio.h(234) : see declaration of 'fopen'
     1>d:\miako\documents\visual studio 2010\projects\seminarski_nrt1822\seminarski_nrt1822\kviz.c(149): warning C4244: 'function' : conversion from 'time_t' to 'unsigned int', possible loss of data
       ManifestResourceCompile:
         All outputs are up-to-date.
       Link:
         C:\Program Files (x86)\Microsoft Visual Studio 10.0\VC\bin\link.exe /ERRORREPORT:PROMPT /OUT:"d:\miako\documents\visual studio 2010\Projects\seminarski_nrt1822\Debug\seminarski_nrt1822.exe" /INCREMENTAL /NOLOGO kernel32.lib user32.lib gdi32.lib winspool.lib comdlg32.lib advapi32.lib shell32.lib ole32.lib oleaut32.lib uuid.lib odbc32.lib odbccp32.lib /MANIFEST /ManifestFile:"Debug\seminarski_nrt1822.exe.intermediate.manifest" /MANIFESTUAC:"level='asInvoker' uiAccess='false'" /DEBUG /PDB:"d:\miako\documents\visual studio 2010\Projects\seminarski_nrt1822\Debug\seminarski_nrt1822.pdb" /SUBSYSTEM:CONSOLE /TLBID:1 /DYNAMICBASE /NXCOMPAT /IMPLIB:"d:\miako\documents\visual studio 2010\Projects\seminarski_nrt1822\Debug\seminarski_nrt1822.lib" /MACHINE:X86 Debug\seminarski_nrt1822.exe.embed.manifest.res
         Debug\kviz.obj
       Manifest:
         C:\Program Files (x86)\Microsoft SDKs\Windows\v7.0A\bin\mt.exe /nologo /verbose /out:"Debug\seminarski_nrt1822.exe.embed.manifest" /manifest Debug\seminarski_nrt1822.exe.intermediate.manifest
         All outputs are up-to-date.
       LinkEmbedManifest:
         All outputs are up-to-date.
         seminarski_nrt1822.vcxproj -> d:\miako\documents\visual studio 2010\Projects\seminarski_nrt1822\Debug\seminarski_nrt1822.exe
       FinalizeBuildStatus:
         Deleting file "Debug\seminarski_nrt1822.unsuccessfulbuild".
         Touching "Debug\seminarski_nrt1822.lastbuildstate".
     1>Done Building Project "d:\miako\documents\visual studio 2010\Projects\seminarski_nrt1822\seminarski_nrt1822\seminarski_nrt1822.vcxproj" (build target(s)).

Build succeeded.

Time Elapsed 00:00:03.44
